0 info it worked if it ends with ok
1 verbose cli [ 'node', '/usr/local/bin/npm', 'install' ]
2 info using npm@1.2.21
3 info using node@v0.10.7
4 verbose read json /home/zheng/workspace/dashbord/package.json
5 warn package.json dashbord@0.0.0 No repository field.
6 verbose readDependencies using package.json deps
7 verbose install where, deps [ '/home/zheng/workspace/dashbord',
7 verbose install   [ 'static-resource',
7 verbose install     'cookie',
7 verbose install     'http-proxy',
7 verbose install     'grunt',
7 verbose install     'grunt-autoprefixer',
7 verbose install     'grunt-concurrent',
7 verbose install     'grunt-contrib-clean',
7 verbose install     'grunt-contrib-coffee',
7 verbose install     'grunt-contrib-compass',
7 verbose install     'grunt-contrib-concat',
7 verbose install     'grunt-contrib-connect',
7 verbose install     'grunt-contrib-copy',
7 verbose install     'grunt-contrib-cssmin',
7 verbose install     'grunt-contrib-htmlmin',
7 verbose install     'grunt-contrib-imagemin',
7 verbose install     'grunt-contrib-jshint',
7 verbose install     'grunt-contrib-uglify',
7 verbose install     'grunt-contrib-watch',
7 verbose install     'grunt-google-cdn',
7 verbose install     'grunt-newer',
7 verbose install     'grunt-ngmin',
7 verbose install     'grunt-rev',
7 verbose install     'grunt-svgmin',
7 verbose install     'grunt-usemin',
7 verbose install     'jshint-stylish',
7 verbose install     'load-grunt-tasks',
7 verbose install     'time-grunt' ] ]
8 verbose from cache /home/zheng/workspace/dashbord/package.json
9 info preinstall dashbord@0.0.0
10 verbose read json /home/zheng/workspace/dashbord/node_modules/grunt/package.json
11 verbose read json /home/zheng/workspace/dashbord/node_modules/grunt-autoprefixer/package.json
12 verbose read json /home/zheng/workspace/dashbord/node_modules/grunt-concurrent/package.json
13 verbose read json /home/zheng/workspace/dashbord/node_modules/grunt-contrib-clean/package.json
14 verbose read json /home/zheng/workspace/dashbord/node_modules/grunt-contrib-coffee/package.json
15 verbose read json /home/zheng/workspace/dashbord/node_modules/grunt-contrib-compass/package.json
16 verbose read json /home/zheng/workspace/dashbord/node_modules/grunt-contrib-concat/package.json
17 verbose read json /home/zheng/workspace/dashbord/node_modules/grunt-contrib-connect/package.json
18 verbose read json /home/zheng/workspace/dashbord/node_modules/grunt-contrib-copy/package.json
19 verbose read json /home/zheng/workspace/dashbord/node_modules/grunt-contrib-cssmin/package.json
20 verbose read json /home/zheng/workspace/dashbord/node_modules/grunt-contrib-htmlmin/package.json
21 verbose read json /home/zheng/workspace/dashbord/node_modules/grunt-contrib-imagemin/package.json
22 verbose read json /home/zheng/workspace/dashbord/node_modules/grunt-contrib-jshint/package.json
23 verbose read json /home/zheng/workspace/dashbord/node_modules/grunt-contrib-uglify/package.json
24 verbose read json /home/zheng/workspace/dashbord/node_modules/grunt-contrib-watch/package.json
25 verbose read json /home/zheng/workspace/dashbord/node_modules/grunt-google-cdn/package.json
26 verbose read json /home/zheng/workspace/dashbord/node_modules/grunt-newer/package.json
27 verbose read json /home/zheng/workspace/dashbord/node_modules/grunt-ngmin/package.json
28 verbose read json /home/zheng/workspace/dashbord/node_modules/grunt-rev/package.json
29 verbose read json /home/zheng/workspace/dashbord/node_modules/grunt-svgmin/package.json
30 verbose read json /home/zheng/workspace/dashbord/node_modules/grunt-usemin/package.json
31 verbose read json /home/zheng/workspace/dashbord/node_modules/jshint-stylish/package.json
32 verbose read json /home/zheng/workspace/dashbord/node_modules/load-grunt-tasks/package.json
33 verbose read json /home/zheng/workspace/dashbord/node_modules/time-grunt/package.json
34 verbose from cache /home/zheng/workspace/dashbord/package.json
35 verbose readDependencies using package.json deps
36 verbose from cache /home/zheng/workspace/dashbord/node_modules/grunt/package.json
37 verbose from cache /home/zheng/workspace/dashbord/node_modules/grunt-autoprefixer/package.json
38 verbose from cache /home/zheng/workspace/dashbord/node_modules/grunt-concurrent/package.json
39 verbose from cache /home/zheng/workspace/dashbord/node_modules/grunt-contrib-clean/package.json
40 verbose from cache /home/zheng/workspace/dashbord/node_modules/grunt-contrib-coffee/package.json
41 verbose from cache /home/zheng/workspace/dashbord/node_modules/grunt-contrib-compass/package.json
42 verbose from cache /home/zheng/workspace/dashbord/node_modules/grunt-contrib-concat/package.json
43 verbose from cache /home/zheng/workspace/dashbord/node_modules/grunt-contrib-connect/package.json
44 verbose from cache /home/zheng/workspace/dashbord/node_modules/grunt-contrib-copy/package.json
45 verbose from cache /home/zheng/workspace/dashbord/node_modules/grunt-contrib-cssmin/package.json
46 verbose from cache /home/zheng/workspace/dashbord/node_modules/grunt-contrib-htmlmin/package.json
47 verbose from cache /home/zheng/workspace/dashbord/node_modules/grunt-contrib-imagemin/package.json
48 verbose from cache /home/zheng/workspace/dashbord/node_modules/grunt-contrib-jshint/package.json
49 verbose from cache /home/zheng/workspace/dashbord/node_modules/grunt-contrib-uglify/package.json
50 verbose from cache /home/zheng/workspace/dashbord/node_modules/grunt-contrib-watch/package.json
51 verbose from cache /home/zheng/workspace/dashbord/node_modules/grunt-google-cdn/package.json
52 verbose from cache /home/zheng/workspace/dashbord/node_modules/grunt-newer/package.json
53 verbose from cache /home/zheng/workspace/dashbord/node_modules/grunt-ngmin/package.json
54 verbose from cache /home/zheng/workspace/dashbord/node_modules/grunt-rev/package.json
55 verbose from cache /home/zheng/workspace/dashbord/node_modules/grunt-svgmin/package.json
56 verbose from cache /home/zheng/workspace/dashbord/node_modules/grunt-usemin/package.json
57 verbose from cache /home/zheng/workspace/dashbord/node_modules/jshint-stylish/package.json
58 verbose from cache /home/zheng/workspace/dashbord/node_modules/load-grunt-tasks/package.json
59 verbose from cache /home/zheng/workspace/dashbord/node_modules/time-grunt/package.json
60 verbose already installed skipping grunt@~0.4.1 /home/zheng/workspace/dashbord
61 verbose cache add [ 'cookie@~0.1.0', null ]
62 verbose cache add name=undefined spec="cookie@~0.1.0" args=["cookie@~0.1.0",null]
63 verbose parsed url { protocol: null,
63 verbose parsed url   slashes: null,
63 verbose parsed url   auth: null,
63 verbose parsed url   host: null,
63 verbose parsed url   port: null,
63 verbose parsed url   hostname: null,
63 verbose parsed url   hash: null,
63 verbose parsed url   search: null,
63 verbose parsed url   query: null,
63 verbose parsed url   pathname: 'cookie@~0.1.0',
63 verbose parsed url   path: 'cookie@~0.1.0',
63 verbose parsed url   href: 'cookie@~0.1.0' }
64 verbose cache add name="cookie" spec="~0.1.0" args=["cookie","~0.1.0"]
65 verbose parsed url { protocol: null,
65 verbose parsed url   slashes: null,
65 verbose parsed url   auth: null,
65 verbose parsed url   host: null,
65 verbose parsed url   port: null,
65 verbose parsed url   hostname: null,
65 verbose parsed url   hash: null,
65 verbose parsed url   search: null,
65 verbose parsed url   query: null,
65 verbose parsed url   pathname: '~0.1.0',
65 verbose parsed url   path: '~0.1.0',
65 verbose parsed url   href: '~0.1.0' }
66 verbose addNamed [ 'cookie', '~0.1.0' ]
67 verbose addNamed [ null, '>=0.1.0- <0.2.0-' ]
68 verbose cache add [ 'http-proxy@~0.10.3', null ]
69 verbose cache add name=undefined spec="http-proxy@~0.10.3" args=["http-proxy@~0.10.3",null]
70 verbose parsed url { protocol: null,
70 verbose parsed url   slashes: null,
70 verbose parsed url   auth: null,
70 verbose parsed url   host: null,
70 verbose parsed url   port: null,
70 verbose parsed url   hostname: null,
70 verbose parsed url   hash: null,
70 verbose parsed url   search: null,
70 verbose parsed url   query: null,
70 verbose parsed url   pathname: 'http-proxy@~0.10.3',
70 verbose parsed url   path: 'http-proxy@~0.10.3',
70 verbose parsed url   href: 'http-proxy@~0.10.3' }
71 verbose cache add name="http-proxy" spec="~0.10.3" args=["http-proxy","~0.10.3"]
72 verbose parsed url { protocol: null,
72 verbose parsed url   slashes: null,
72 verbose parsed url   auth: null,
72 verbose parsed url   host: null,
72 verbose parsed url   port: null,
72 verbose parsed url   hostname: null,
72 verbose parsed url   hash: null,
72 verbose parsed url   search: null,
72 verbose parsed url   query: null,
72 verbose parsed url   pathname: '~0.10.3',
72 verbose parsed url   path: '~0.10.3',
72 verbose parsed url   href: '~0.10.3' }
73 verbose addNamed [ 'http-proxy', '~0.10.3' ]
74 verbose addNamed [ null, '>=0.10.3- <0.11.0-' ]
75 verbose already installed skipping grunt-autoprefixer@~0.4.0 /home/zheng/workspace/dashbord
76 verbose already installed skipping grunt-concurrent@~0.4.1 /home/zheng/workspace/dashbord
77 verbose already installed skipping grunt-contrib-clean@~0.5.0 /home/zheng/workspace/dashbord
78 verbose already installed skipping grunt-contrib-coffee@~0.7.0 /home/zheng/workspace/dashbord
79 verbose cache add [ 'grunt-contrib-compass@~0.7.0', null ]
80 verbose cache add name=undefined spec="grunt-contrib-compass@~0.7.0" args=["grunt-contrib-compass@~0.7.0",null]
81 verbose parsed url { protocol: null,
81 verbose parsed url   slashes: null,
81 verbose parsed url   auth: null,
81 verbose parsed url   host: null,
81 verbose parsed url   port: null,
81 verbose parsed url   hostname: null,
81 verbose parsed url   hash: null,
81 verbose parsed url   search: null,
81 verbose parsed url   query: null,
81 verbose parsed url   pathname: 'grunt-contrib-compass@~0.7.0',
81 verbose parsed url   path: 'grunt-contrib-compass@~0.7.0',
81 verbose parsed url   href: 'grunt-contrib-compass@~0.7.0' }
82 verbose cache add name="grunt-contrib-compass" spec="~0.7.0" args=["grunt-contrib-compass","~0.7.0"]
83 verbose parsed url { protocol: null,
83 verbose parsed url   slashes: null,
83 verbose parsed url   auth: null,
83 verbose parsed url   host: null,
83 verbose parsed url   port: null,
83 verbose parsed url   hostname: null,
83 verbose parsed url   hash: null,
83 verbose parsed url   search: null,
83 verbose parsed url   query: null,
83 verbose parsed url   pathname: '~0.7.0',
83 verbose parsed url   path: '~0.7.0',
83 verbose parsed url   href: '~0.7.0' }
84 verbose addNamed [ 'grunt-contrib-compass', '~0.7.0' ]
85 verbose addNamed [ null, '>=0.7.0- <0.8.0-' ]
86 verbose already installed skipping grunt-contrib-concat@~0.3.0 /home/zheng/workspace/dashbord
87 verbose already installed skipping grunt-contrib-connect@~0.5.0 /home/zheng/workspace/dashbord
88 verbose already installed skipping grunt-contrib-copy@~0.4.1 /home/zheng/workspace/dashbord
89 silly lockFile 5d4f865c-cookie-0-1-0 cookie@~0.1.0
90 verbose lock cookie@~0.1.0 /home/zheng/.npm/5d4f865c-cookie-0-1-0.lock
91 silly lockFile 9e80096f-http-proxy-0-10-3 http-proxy@~0.10.3
92 verbose lock http-proxy@~0.10.3 /home/zheng/.npm/9e80096f-http-proxy-0-10-3.lock
93 verbose already installed skipping grunt-contrib-cssmin@~0.7.0 /home/zheng/workspace/dashbord
94 verbose already installed skipping grunt-contrib-htmlmin@~0.1.3 /home/zheng/workspace/dashbord
95 silly lockFile 089c3a2f-grunt-contrib-compass-0-7-0 grunt-contrib-compass@~0.7.0
96 verbose lock grunt-contrib-compass@~0.7.0 /home/zheng/.npm/089c3a2f-grunt-contrib-compass-0-7-0.lock
97 verbose cache add [ 'grunt-contrib-imagemin@~0.4.0', null ]
98 verbose cache add name=undefined spec="grunt-contrib-imagemin@~0.4.0" args=["grunt-contrib-imagemin@~0.4.0",null]
99 verbose parsed url { protocol: null,
99 verbose parsed url   slashes: null,
99 verbose parsed url   auth: null,
99 verbose parsed url   host: null,
99 verbose parsed url   port: null,
99 verbose parsed url   hostname: null,
99 verbose parsed url   hash: null,
99 verbose parsed url   search: null,
99 verbose parsed url   query: null,
99 verbose parsed url   pathname: 'grunt-contrib-imagemin@~0.4.0',
99 verbose parsed url   path: 'grunt-contrib-imagemin@~0.4.0',
99 verbose parsed url   href: 'grunt-contrib-imagemin@~0.4.0' }
100 verbose cache add name="grunt-contrib-imagemin" spec="~0.4.0" args=["grunt-contrib-imagemin","~0.4.0"]
101 verbose parsed url { protocol: null,
101 verbose parsed url   slashes: null,
101 verbose parsed url   auth: null,
101 verbose parsed url   host: null,
101 verbose parsed url   port: null,
101 verbose parsed url   hostname: null,
101 verbose parsed url   hash: null,
101 verbose parsed url   search: null,
101 verbose parsed url   query: null,
101 verbose parsed url   pathname: '~0.4.0',
101 verbose parsed url   path: '~0.4.0',
101 verbose parsed url   href: '~0.4.0' }
102 verbose addNamed [ 'grunt-contrib-imagemin', '~0.4.0' ]
103 verbose addNamed [ null, '>=0.4.0- <0.5.0-' ]
104 silly lockFile bb04df70-grunt-contrib-imagemin-0-4-0 grunt-contrib-imagemin@~0.4.0
105 verbose lock grunt-contrib-imagemin@~0.4.0 /home/zheng/.npm/bb04df70-grunt-contrib-imagemin-0-4-0.lock
106 verbose already installed skipping grunt-contrib-uglify@~0.2.0 /home/zheng/workspace/dashbord
107 verbose already installed skipping grunt-contrib-jshint@~0.7.1 /home/zheng/workspace/dashbord
108 verbose already installed skipping grunt-contrib-watch@~0.5.2 /home/zheng/workspace/dashbord
109 verbose already installed skipping grunt-google-cdn@~0.2.0 /home/zheng/workspace/dashbord
110 verbose already installed skipping grunt-newer@~0.5.4 /home/zheng/workspace/dashbord
111 verbose already installed skipping grunt-ngmin@~0.0.2 /home/zheng/workspace/dashbord
112 verbose already installed skipping grunt-rev@~0.1.0 /home/zheng/workspace/dashbord
113 verbose already installed skipping grunt-svgmin@~0.2.0 /home/zheng/workspace/dashbord
114 verbose already installed skipping grunt-usemin@~2.0.0 /home/zheng/workspace/dashbord
115 verbose already installed skipping jshint-stylish@~0.1.3 /home/zheng/workspace/dashbord
116 verbose already installed skipping load-grunt-tasks@~0.2.0 /home/zheng/workspace/dashbord
117 verbose already installed skipping time-grunt@~0.2.1 /home/zheng/workspace/dashbord
118 verbose cache add [ 'static-resource@~0.1.0', null ]
119 verbose cache add name=undefined spec="static-resource@~0.1.0" args=["static-resource@~0.1.0",null]
120 verbose parsed url { protocol: null,
120 verbose parsed url   slashes: null,
120 verbose parsed url   auth: null,
120 verbose parsed url   host: null,
120 verbose parsed url   port: null,
120 verbose parsed url   hostname: null,
120 verbose parsed url   hash: null,
120 verbose parsed url   search: null,
120 verbose parsed url   query: null,
120 verbose parsed url   pathname: 'static-resource@~0.1.0',
120 verbose parsed url   path: 'static-resource@~0.1.0',
120 verbose parsed url   href: 'static-resource@~0.1.0' }
121 verbose cache add name="static-resource" spec="~0.1.0" args=["static-resource","~0.1.0"]
122 verbose parsed url { protocol: null,
122 verbose parsed url   slashes: null,
122 verbose parsed url   auth: null,
122 verbose parsed url   host: null,
122 verbose parsed url   port: null,
122 verbose parsed url   hostname: null,
122 verbose parsed url   hash: null,
122 verbose parsed url   search: null,
122 verbose parsed url   query: null,
122 verbose parsed url   pathname: '~0.1.0',
122 verbose parsed url   path: '~0.1.0',
122 verbose parsed url   href: '~0.1.0' }
123 verbose addNamed [ 'static-resource', '~0.1.0' ]
124 verbose addNamed [ null, '>=0.1.0- <0.2.0-' ]
125 silly lockFile 5dcd3e47-static-resource-0-1-0 static-resource@~0.1.0
126 verbose lock static-resource@~0.1.0 /home/zheng/.npm/5dcd3e47-static-resource-0-1-0.lock
127 silly lockFile 5d4f865c-cookie-0-1-0 cookie@~0.1.0
128 error Error: EACCES, open '/home/zheng/.npm/5d4f865c-cookie-0-1-0.lock'
128 error  { [Error: EACCES, open '/home/zheng/.npm/5d4f865c-cookie-0-1-0.lock']
128 error   errno: 3,
128 error   code: 'EACCES',
128 error   path: '/home/zheng/.npm/5d4f865c-cookie-0-1-0.lock' }
129 error Please try running this command again as root/Administrator.
130 error System Linux 3.2.0-57-generic
131 error command "node" "/usr/local/bin/npm" "install"
132 error cwd /home/zheng/workspace/dashbord
133 error node -v v0.10.7
134 error npm -v 1.2.21
135 error path /home/zheng/.npm/5d4f865c-cookie-0-1-0.lock
136 error code EACCES
137 error errno 3
138 error stack Error: EACCES, open '/home/zheng/.npm/5d4f865c-cookie-0-1-0.lock'
139 verbose exit [ 3, true ]
